e:\leventure\workshop\github\udt_server\debug\vc142.pdb
e:\leventure\workshop\github\udt_server\debug\qrc_resource.obj
e:\leventure\workshop\github\udt_server\debug\cache.obj
e:\leventure\workshop\github\udt_server\debug\udp_file_recv.obj
e:\leventure\workshop\github\udt_server\debug\packet.obj
e:\leventure\workshop\github\udt_server\debug\md5.obj
e:\leventure\workshop\github\udt_server\debug\epoll.obj
e:\leventure\workshop\github\udt_server\debug\ccc.obj
e:\leventure\workshop\github\udt_server\debug\common.obj
e:\leventure\workshop\github\udt_server\debug\window.obj
e:\leventure\workshop\github\udt_server\debug\main.obj
e:\leventure\workshop\github\udt_server\debug\buffer.obj
e:\leventure\workshop\github\udt_server\debug\list.obj
e:\leventure\workshop\github\udt_server\debug\api.obj
e:\leventure\workshop\github\udt_server\debug\widget.obj
e:\leventure\workshop\github\udt_server\debug\channel.obj
e:\leventure\workshop\github\udt_server\debug\core.obj
e:\leventure\workshop\github\udt_server\debug\queue.obj
e:\leventure\workshop\github\udt_server\debug\moc_widget.obj
e:\leventure\workshop\github\udt_server\debug\moc_udp_file_recv.obj
e:\leventure\workshop\github\udt_server\debug\moc_predefs.h
e:\leventure\workshop\github\udt_server\debug\moc_udp_file_recv.cpp
e:\leventure\workshop\github\udt_server\debug\moc_widget.cpp
e:\leventure\workshop\github\udt_server\debug\qrc_resource.cpp
e:\leventure\workshop\github\udt_server\ui_widget.h
e:\leventure\workshop\github\udt_server\debug\udp_server.pdb
e:\leventure\workshop\github\udt_server\debug\udp_server.tlog\cl.command.1.tlog
e:\leventure\workshop\github\udt_server\debug\udp_server.tlog\cl.read.1.tlog
e:\leventure\workshop\github\udt_server\debug\udp_server.tlog\cl.write.1.tlog
e:\leventure\workshop\github\udt_server\debug\udp_server.tlog\custombuild.command.1.tlog
e:\leventure\workshop\github\udt_server\debug\udp_server.tlog\custombuild.read.1.tlog
e:\leventure\workshop\github\udt_server\debug\udp_server.tlog\custombuild.write.1.tlog
e:\leventure\workshop\github\udt_server\debug\udp_server.tlog\link-cvtres.read.1.tlog
e:\leventure\workshop\github\udt_server\debug\udp_server.tlog\link-cvtres.write.1.tlog
e:\leventure\workshop\github\udt_server\debug\udp_server.tlog\link-rc.read.1.tlog
e:\leventure\workshop\github\udt_server\debug\udp_server.tlog\link-rc.write.1.tlog
e:\leventure\workshop\github\udt_server\debug\udp_server.tlog\link.command.1.tlog
e:\leventure\workshop\github\udt_server\debug\udp_server.tlog\link.read.1.tlog
e:\leventure\workshop\github\udt_server\debug\udp_server.tlog\link.write.1.tlog
e:\leventure\workshop\github\udt_server\debug\udp_server.tlog\moc.read.1u.tlog
e:\leventure\workshop\github\udt_server\debug\udp_server.tlog\moc.write.1u.tlog
e:\leventure\workshop\github\udt_server\debug\udp_server.tlog\rcc.read.1u.tlog
e:\leventure\workshop\github\udt_server\debug\udp_server.tlog\rcc.write.1u.tlog
e:\leventure\workshop\github\udt_server\debug\udp_server.tlog\udp_server.write.1u.tlog
e:\leventure\workshop\github\udt_server\debug\udp_server.tlog\uic.read.1u.tlog
e:\leventure\workshop\github\udt_server\debug\udp_server.tlog\uic.write.1u.tlog
