e:\leventure\workshop\github\udt_server\release\qrc_resource.obj
e:\leventure\workshop\github\udt_server\release\epoll.obj
e:\leventure\workshop\github\udt_server\release\ccc.obj
e:\leventure\workshop\github\udt_server\release\main.obj
e:\leventure\workshop\github\udt_server\release\core.obj
e:\leventure\workshop\github\udt_server\release\queue.obj
e:\leventure\workshop\github\udt_server\release\buffer.obj
e:\leventure\workshop\github\udt_server\release\packet.obj
e:\leventure\workshop\github\udt_server\release\cache.obj
e:\leventure\workshop\github\udt_server\release\channel.obj
e:\leventure\workshop\github\udt_server\release\udp_file_recv.obj
e:\leventure\workshop\github\udt_server\release\api.obj
e:\leventure\workshop\github\udt_server\release\window.obj
e:\leventure\workshop\github\udt_server\release\widget.obj
e:\leventure\workshop\github\udt_server\release\md5.obj
e:\leventure\workshop\github\udt_server\release\list.obj
e:\leventure\workshop\github\udt_server\release\common.obj
e:\leventure\workshop\github\udt_server\release\moc_widget.obj
e:\leventure\workshop\github\udt_server\release\moc_udp_file_recv.obj
e:\leventure\workshop\github\udt_server\release\moc_predefs.h
e:\leventure\workshop\github\udt_server\release\moc_udp_file_recv.cpp
e:\leventure\workshop\github\udt_server\release\moc_widget.cpp
e:\leventure\workshop\github\udt_server\release\qrc_resource.cpp
e:\leventure\workshop\github\udt_server\ui_widget.h
e:\leventure\workshop\github\udt_server\release\udp_server.tlog\cl.command.1.tlog
e:\leventure\workshop\github\udt_server\release\udp_server.tlog\cl.read.1.tlog
e:\leventure\workshop\github\udt_server\release\udp_server.tlog\cl.write.1.tlog
e:\leventure\workshop\github\udt_server\release\udp_server.tlog\custombuild.command.1.tlog
e:\leventure\workshop\github\udt_server\release\udp_server.tlog\custombuild.read.1.tlog
e:\leventure\workshop\github\udt_server\release\udp_server.tlog\custombuild.write.1.tlog
e:\leventure\workshop\github\udt_server\release\udp_server.tlog\link-cvtres.read.1.tlog
e:\leventure\workshop\github\udt_server\release\udp_server.tlog\link-cvtres.write.1.tlog
e:\leventure\workshop\github\udt_server\release\udp_server.tlog\link-rc.read.1.tlog
e:\leventure\workshop\github\udt_server\release\udp_server.tlog\link-rc.write.1.tlog
e:\leventure\workshop\github\udt_server\release\udp_server.tlog\link.command.1.tlog
e:\leventure\workshop\github\udt_server\release\udp_server.tlog\link.read.1.tlog
e:\leventure\workshop\github\udt_server\release\udp_server.tlog\link.write.1.tlog
e:\leventure\workshop\github\udt_server\release\udp_server.tlog\moc.read.1u.tlog
e:\leventure\workshop\github\udt_server\release\udp_server.tlog\moc.write.1u.tlog
e:\leventure\workshop\github\udt_server\release\udp_server.tlog\rcc.read.1u.tlog
e:\leventure\workshop\github\udt_server\release\udp_server.tlog\rcc.write.1u.tlog
e:\leventure\workshop\github\udt_server\release\udp_server.tlog\udp_server.write.1u.tlog
e:\leventure\workshop\github\udt_server\release\udp_server.tlog\uic.read.1u.tlog
e:\leventure\workshop\github\udt_server\release\udp_server.tlog\uic.write.1u.tlog
